# JRE version: OpenJDK Runtime Environment (21.0.8) (build 21.0.8+-14196175-b1038.72)
# Java VM: OpenJDK 64-Bit Server VM (21.0.8+-14196175-b1038.72, mixed mode, tiered, compressed oops, compressed class ptrs, g1 gc, windows-amd64)
GC Precious Log:
 CardTable entry size: 512
 Card Set container configuration: InlinePtr #cards 5 size 8 Array Of Cards #cards 12 size 40 Howl #buckets 4 coarsen threshold 1843 Howl Bitmap #cards 512 size 80 coarsen threshold 460 Card regions per heap region 1 cards per card region 2048
 CPUs: 12 total, 12 available
 Memory: 7876M
 Large Page Support: Disabled
 NUMA Support: Disabled
 Compressed Oops: Enabled (32-bit)
 Heap Region Size: 1M
 Heap Min Capacity: 8M
 Heap Initial Capacity: 124M
 Heap Max Capacity: 2G
 Pre-touch: Disabled
 Parallel Workers: 10
 Concurrent Workers: 3
 Concurrent Refinement Workers: 10
 Periodic GC: Disabled
Heap:
 garbage-first heap   total 301056K, used 206763K [0x0000000080000000, 0x0000000100000000)
  region size 1024K, 4 young (4096K), 4 survivors (4096K)
 Metaspace       used 140311K, committed 142592K, reserved 1179648K
  class space    used 19891K, committed 20992K, reserved 1048576K
GC Heap History (20 events):
Event: 32.514 GC heap after
{Heap after GC invocations=60 (full 0):
 garbage-first heap   total 278528K, used 145040K [0x0000000080000000, 0x0000000100000000)
  region size 1024K, 9 young (9216K), 9 survivors (9216K)
 Metaspace       used 121479K, committed 123648K, reserved 1179648K
  class space    used 16697K, committed 17728K, reserved 1048576K
}
Event: 32.787 GC heap before
{Heap before GC invocations=60 (full 0):
 garbage-first heap   total 278528K, used 252560K [0x0000000080000000, 0x0000000100000000)
  region size 1024K, 115 young (117760K), 9 survivors (9216K)
 Metaspace       used 122183K, committed 124480K, reserved 1179648K
  class space    used 16794K, committed 17920K, reserved 1048576K
}
Event: 32.794 GC heap after
{Heap after GC invocations=61 (full 0):
 garbage-first heap   total 278528K, used 134156K [0x0000000080000000, 0x0000000100000000)
  region size 1024K, 9 young (9216K), 9 survivors (9216K)
 Metaspace       used 122183K, committed 124480K, reserved 1179648K
  class space    used 16794K, committed 17920K, reserved 1048576K
}
Event: 33.494 GC heap before
{Heap before GC invocations=61 (full 0):
 garbage-first heap   total 278528K, used 250892K [0x0000000080000000, 0x0000000100000000)
  region size 1024K, 124 young (126976K), 9 survivors (9216K)
 Metaspace       used 122648K, committed 124928K, reserved 1179648K
  class space    used 16835K, committed 17984K, reserved 1048576K
}
Event: 33.502 GC heap after
{Heap after GC invocations=62 (full 0):
 garbage-first heap   total 278528K, used 137546K [0x0000000080000000, 0x0000000100000000)
  region size 1024K, 12 young (12288K), 12 survivors (12288K)
 Metaspace       used 122648K, committed 124928K, reserved 1179648K
  class space    used 16835K, committed 17984K, reserved 1048576K
}
Event: 34.154 GC heap before
{Heap before GC invocations=62 (full 0):
 garbage-first heap   total 278528K, used 249162K [0x0000000080000000, 0x0000000100000000)
  region size 1024K, 122 young (124928K), 12 survivors (12288K)
 Metaspace       used 124298K, committed 126592K, reserved 1179648K
  class space    used 17084K, committed 18240K, reserved 1048576K
}
Event: 34.165 GC heap after
{Heap after GC invocations=63 (full 0):
 garbage-first heap   total 278528K, used 152733K [0x0000000080000000, 0x0000000100000000)
  region size 1024K, 16 young (16384K), 16 survivors (16384K)
 Metaspace       used 124298K, committed 126592K, reserved 1179648K
  class space    used 17084K, committed 18240K, reserved 1048576K
}
Event: 34.406 GC heap before
{Heap before GC invocations=63 (full 0):
 garbage-first heap   total 278528K, used 190621K [0x0000000080000000, 0x0000000100000000)
  region size 1024K, 55 young (56320K), 16 survivors (16384K)
 Metaspace       used 125479K, committed 127744K, reserved 1179648K
  class space    used 17236K, committed 18368K, reserved 1048576K
}
Event: 34.414 GC heap after
{Heap after GC invocations=64 (full 0):
 garbage-first heap   total 278528K, used 156644K [0x0000000080000000, 0x0000000100000000)
  region size 1024K, 3 young (3072K), 3 survivors (3072K)
 Metaspace       used 125479K, committed 127744K, reserved 1179648K
  class space    used 17236K, committed 18368K, reserved 1048576K
}
Event: 35.092 GC heap before
{Heap before GC invocations=65 (full 0):
 garbage-first heap   total 278528K, used 241636K [0x0000000080000000, 0x0000000100000000)
  region size 1024K, 88 young (90112K), 3 survivors (3072K)
 Metaspace       used 129354K, committed 131584K, reserved 1179648K
  class space    used 17883K, committed 19008K, reserved 1048576K
}
Event: 35.101 GC heap after
{Heap after GC invocations=66 (full 0):
 garbage-first heap   total 278528K, used 164371K [0x0000000080000000, 0x0000000100000000)
  region size 1024K, 11 young (11264K), 11 survivors (11264K)
 Metaspace       used 129354K, committed 131584K, reserved 1179648K
  class space    used 17883K, committed 19008K, reserved 1048576K
}
Event: 35.498 GC heap before
{Heap before GC invocations=66 (full 0):
 garbage-first heap   total 278528K, used 244243K [0x0000000080000000, 0x0000000100000000)
  region size 1024K, 90 young (92160K), 11 survivors (11264K)
 Metaspace       used 132035K, committed 134272K, reserved 1179648K
  class space    used 18325K, committed 19456K, reserved 1048576K
}
Event: 35.514 GC heap after
{Heap after GC invocations=67 (full 0):
 garbage-first heap   total 278528K, used 167570K [0x0000000080000000, 0x0000000100000000)
  region size 1024K, 12 young (12288K), 12 survivors (12288K)
 Metaspace       used 132035K, committed 134272K, reserved 1179648K
  class space    used 18325K, committed 19456K, reserved 1048576K
}
Event: 35.781 GC heap before
{Heap before GC invocations=67 (full 0):
 garbage-first heap   total 278528K, used 244370K [0x0000000080000000, 0x0000000100000000)
  region size 1024K, 88 young (90112K), 12 survivors (12288K)
 Metaspace       used 134628K, committed 136896K, reserved 1179648K
  class space    used 18842K, committed 19968K, reserved 1048576K
}
Event: 35.796 GC heap after
{Heap after GC invocations=68 (full 0):
 garbage-first heap   total 278528K, used 181667K [0x0000000080000000, 0x0000000100000000)
  region size 1024K, 11 young (11264K), 11 survivors (11264K)
 Metaspace       used 134628K, committed 136896K, reserved 1179648K
  class space    used 18842K, committed 19968K, reserved 1048576K
}
Event: 36.063 GC heap before
{Heap before GC invocations=69 (full 0):
 garbage-first heap   total 301056K, used 247203K [0x0000000080000000, 0x0000000100000000)
  region size 1024K, 77 young (78848K), 11 survivors (11264K)
 Metaspace       used 135209K, committed 137536K, reserved 1179648K
  class space    used 18951K, committed 20096K, reserved 1048576K
}
Event: 36.078 GC heap after
{Heap after GC invocations=70 (full 0):
 garbage-first heap   total 301056K, used 194557K [0x0000000080000000, 0x0000000100000000)
  region size 1024K, 10 young (10240K), 10 survivors (10240K)
 Metaspace       used 135209K, committed 137536K, reserved 1179648K
  class space    used 18951K, committed 20096K, reserved 1048576K
}
Event: 36.216 GC heap before
{Heap before GC invocations=70 (full 0):
 garbage-first heap   total 301056K, used 267261K [0x0000000080000000, 0x0000000100000000)
  region size 1024K, 82 young (83968K), 10 survivors (10240K)
 Metaspace       used 136164K, committed 138496K, reserved 1179648K
  class space    used 19111K, committed 20224K, reserved 1048576K
}
Event: 36.233 GC heap after
{Heap after GC invocations=71 (full 0):
 garbage-first heap   total 301056K, used 201728K [0x0000000080000000, 0x0000000100000000)
  region size 1024K, 11 young (11264K), 11 survivors (11264K)
 Metaspace       used 136164K, committed 138496K, reserved 1179648K
  class space    used 19111K, committed 20224K, reserved 1048576K
}
Event: 36.657 GC heap before
{Heap before GC invocations=71 (full 0):
 garbage-first heap   total 301056K, used 269312K [0x0000000080000000, 0x0000000100000000)
  region size 1024K, 78 young (79872K), 11 survivors (11264K)
 Metaspace       used 140311K, committed 142592K, reserved 1179648K
  class space    used 19891K, committed 20992K, reserved 1048576K
}

