# JRE version: OpenJDK Runtime Environment (21.0.8) (build 21.0.8+-14196175-b1038.72)
# Java VM: OpenJDK 64-Bit Server VM (21.0.8+-14196175-b1038.72, mixed mode, tiered, compressed oops, compressed class ptrs, g1 gc, windows-amd64)
GC Precious Log:
 CardTable entry size: 512
 Card Set container configuration: InlinePtr #cards 5 size 8 Array Of Cards #cards 12 size 40 Howl #buckets 4 coarsen threshold 1843 Howl Bitmap #cards 512 size 80 coarsen threshold 460 Card regions per heap region 1 cards per card region 2048
 CPUs: 12 total, 12 available
 Memory: 7876M
 Large Page Support: Disabled
 NUMA Support: Disabled
 Compressed Oops: Enabled (32-bit)
 Heap Region Size: 1M
 Heap Min Capacity: 8M
 Heap Initial Capacity: 124M
 Heap Max Capacity: 2G
 Pre-touch: Disabled
 Parallel Workers: 10
 Concurrent Workers: 3
 Concurrent Refinement Workers: 10
 Periodic GC: Disabled
Heap:
 garbage-first heap   total 291840K, used 204314K [0x0000000080000000, 0x0000000100000000)
  region size 1024K, 7 young (7168K), 7 survivors (7168K)
 Metaspace       used 130659K, committed 132928K, reserved 1179648K
  class space    used 18891K, committed 19968K, reserved 1048576K
GC Heap History (20 events):
Event: 23.623 GC heap after
{Heap after GC invocations=49 (full 0):
 garbage-first heap   total 186368K, used 116248K [0x0000000080000000, 0x0000000100000000)
  region size 1024K, 6 young (6144K), 6 survivors (6144K)
 Metaspace       used 112837K, committed 115008K, reserved 1179648K
  class space    used 15911K, committed 16960K, reserved 1048576K
}
Event: 23.795 GC heap before
{Heap before GC invocations=49 (full 0):
 garbage-first heap   total 186368K, used 168472K [0x0000000080000000, 0x0000000100000000)
  region size 1024K, 58 young (59392K), 6 survivors (6144K)
 Metaspace       used 113511K, committed 115648K, reserved 1179648K
  class space    used 16002K, committed 17024K, reserved 1048576K
}
Event: 23.801 GC heap after
{Heap after GC invocations=50 (full 0):
 garbage-first heap   total 187392K, used 124446K [0x0000000080000000, 0x0000000100000000)
  region size 1024K, 8 young (8192K), 8 survivors (8192K)
 Metaspace       used 113511K, committed 115648K, reserved 1179648K
  class space    used 16002K, committed 17024K, reserved 1048576K
}
Event: 24.227 GC heap before
{Heap before GC invocations=50 (full 0):
 garbage-first heap   total 187392K, used 167454K [0x0000000080000000, 0x0000000100000000)
  region size 1024K, 51 young (52224K), 8 survivors (8192K)
 Metaspace       used 115166K, committed 117376K, reserved 1179648K
  class space    used 16242K, committed 17280K, reserved 1048576K
}
Event: 24.232 GC heap after
{Heap after GC invocations=51 (full 0):
 garbage-first heap   total 187392K, used 131613K [0x0000000080000000, 0x0000000100000000)
  region size 1024K, 7 young (7168K), 7 survivors (7168K)
 Metaspace       used 115166K, committed 117376K, reserved 1179648K
  class space    used 16242K, committed 17280K, reserved 1048576K
}
Event: 24.591 GC heap before
{Heap before GC invocations=52 (full 0):
 garbage-first heap   total 220160K, used 166429K [0x0000000080000000, 0x0000000100000000)
  region size 1024K, 42 young (43008K), 7 survivors (7168K)
 Metaspace       used 117494K, committed 119680K, reserved 1179648K
  class space    used 16655K, committed 17728K, reserved 1048576K
}
Event: 24.598 GC heap after
{Heap after GC invocations=53 (full 0):
 garbage-first heap   total 220160K, used 135552K [0x0000000080000000, 0x0000000100000000)
  region size 1024K, 4 young (4096K), 4 survivors (4096K)
 Metaspace       used 117494K, committed 119680K, reserved 1179648K
  class space    used 16655K, committed 17728K, reserved 1048576K
}
Event: 24.837 GC heap before
{Heap before GC invocations=53 (full 0):
 garbage-first heap   total 220160K, used 198016K [0x0000000080000000, 0x0000000100000000)
  region size 1024K, 66 young (67584K), 4 survivors (4096K)
 Metaspace       used 118769K, committed 120960K, reserved 1179648K
  class space    used 16809K, committed 17920K, reserved 1048576K
}
Event: 24.847 GC heap after
{Heap after GC invocations=54 (full 0):
 garbage-first heap   total 220160K, used 143481K [0x0000000080000000, 0x0000000100000000)
  region size 1024K, 9 young (9216K), 9 survivors (9216K)
 Metaspace       used 118769K, committed 120960K, reserved 1179648K
  class space    used 16809K, committed 17920K, reserved 1048576K
}
Event: 24.927 GC heap before
{Heap before GC invocations=54 (full 0):
 garbage-first heap   total 220160K, used 168057K [0x0000000080000000, 0x0000000100000000)
  region size 1024K, 35 young (35840K), 9 survivors (9216K)
 Metaspace       used 119320K, committed 121536K, reserved 1179648K
  class space    used 16924K, committed 18048K, reserved 1048576K
}
Event: 24.937 GC heap after
{Heap after GC invocations=55 (full 0):
 garbage-first heap   total 264192K, used 148664K [0x0000000080000000, 0x0000000100000000)
  region size 1024K, 5 young (5120K), 5 survivors (5120K)
 Metaspace       used 119320K, committed 121536K, reserved 1179648K
  class space    used 16924K, committed 18048K, reserved 1048576K
}
Event: 25.481 GC heap before
{Heap before GC invocations=55 (full 0):
 garbage-first heap   total 264192K, used 236728K [0x0000000080000000, 0x0000000100000000)
  region size 1024K, 90 young (92160K), 5 survivors (5120K)
 Metaspace       used 122212K, committed 124480K, reserved 1179648K
  class space    used 17378K, committed 18496K, reserved 1048576K
}
Event: 25.494 GC heap after
{Heap after GC invocations=56 (full 0):
 garbage-first heap   total 264192K, used 162756K [0x0000000080000000, 0x0000000100000000)
  region size 1024K, 12 young (12288K), 12 survivors (12288K)
 Metaspace       used 122212K, committed 124480K, reserved 1179648K
  class space    used 17378K, committed 18496K, reserved 1048576K
}
Event: 26.033 GC heap before
{Heap before GC invocations=56 (full 0):
 garbage-first heap   total 264192K, used 232388K [0x0000000080000000, 0x0000000100000000)
  region size 1024K, 81 young (82944K), 12 survivors (12288K)
 Metaspace       used 125021K, committed 127296K, reserved 1179648K
  class space    used 17899K, committed 19008K, reserved 1048576K
}
Event: 26.049 GC heap after
{Heap after GC invocations=57 (full 0):
 garbage-first heap   total 264192K, used 175094K [0x0000000080000000, 0x0000000100000000)
  region size 1024K, 11 young (11264K), 11 survivors (11264K)
 Metaspace       used 125021K, committed 127296K, reserved 1179648K
  class space    used 17899K, committed 19008K, reserved 1048576K
}
Event: 26.290 GC heap before
{Heap before GC invocations=58 (full 0):
 garbage-first heap   total 291840K, used 236534K [0x0000000080000000, 0x0000000100000000)
  region size 1024K, 72 young (73728K), 11 survivors (11264K)
 Metaspace       used 125408K, committed 127680K, reserved 1179648K
  class space    used 17978K, committed 19072K, reserved 1048576K
}
Event: 26.304 GC heap after
{Heap after GC invocations=59 (full 0):
 garbage-first heap   total 291840K, used 188416K [0x0000000080000000, 0x0000000100000000)
  region size 1024K, 9 young (9216K), 9 survivors (9216K)
 Metaspace       used 125408K, committed 127680K, reserved 1179648K
  class space    used 17978K, committed 19072K, reserved 1048576K
}
Event: 26.630 GC heap before
{Heap before GC invocations=59 (full 0):
 garbage-first heap   total 291840K, used 258048K [0x0000000080000000, 0x0000000100000000)
  region size 1024K, 78 young (79872K), 9 survivors (9216K)
 Metaspace       used 128019K, committed 130240K, reserved 1179648K
  class space    used 18436K, committed 19520K, reserved 1048576K
}
Event: 26.644 GC heap after
{Heap after GC invocations=60 (full 0):
 garbage-first heap   total 291840K, used 197109K [0x0000000080000000, 0x0000000100000000)
  region size 1024K, 10 young (10240K), 10 survivors (10240K)
 Metaspace       used 128019K, committed 130240K, reserved 1179648K
  class space    used 18436K, committed 19520K, reserved 1048576K
}
Event: 26.992 GC heap before
{Heap before GC invocations=60 (full 0):
 garbage-first heap   total 291840K, used 262645K [0x0000000080000000, 0x0000000100000000)
  region size 1024K, 75 young (76800K), 10 survivors (10240K)
 Metaspace       used 130659K, committed 132928K, reserved 1179648K
  class space    used 18891K, committed 19968K, reserved 1048576K
}

